<?xml version="1.0" encoding="UTF-8"?>
<testsuite name="edu.bsu.cs222.finalProject.JSONReaderTest" tests="4" skipped="0" failures="0" errors="0" timestamp="2020-10-27T20:18:57" hostname="DESKTOP-1EPGKJO" time="0.555">
  <properties/>
  <testcase name="testGetNames" classname="edu.bsu.cs222.finalProject.JSONReaderTest" time="0.033"/>
  <testcase name="testJsonReader" classname="edu.bsu.cs222.finalProject.JSONReaderTest" time="0.519"/>
  <testcase name="testGetLatitude" classname="edu.bsu.cs222.finalProject.JSONReaderTest" time="0.001"/>
  <testcase name="testGetLongitude" classname="edu.bsu.cs222.finalProject.JSONReaderTest" time="0.0"/>
  <system-out><![CDATA[]]></system-out>
  <system-err><![CDATA[]]></system-err>
</testsuite>
