<?xml version="1.0" encoding="UTF-8"?>
<testsuite name="edu.bsu.cs222.finalProject.JSONReaderTest" tests="1" skipped="0" failures="0" errors="0" timestamp="2020-12-09T02:45:36" hostname="DESKTOP-1EPGKJO" time="0.033">
  <properties/>
  <testcase name="testGetReviewName" classname="edu.bsu.cs222.finalProject.JSONReaderTest" time="0.033"/>
  <system-out><![CDATA[]]></system-out>
  <system-err><![CDATA[]]></system-err>
</testsuite>
