<?xml version="1.0" encoding="UTF-8"?>
<testsuite name="edu.bsu.cs222.finalProject.JSONReaderTest" tests="1" skipped="0" failures="0" errors="0" timestamp="2020-12-10T02:00:17" hostname="DESKTOP-1EPGKJO" time="0.034">
  <properties/>
  <testcase name="testGetReviewName" classname="edu.bsu.cs222.finalProject.JSONReaderTest" time="0.034"/>
  <system-out><![CDATA[Whitley-Le'Ann Buck
Rachel Ogle
nicholas rodriguez
Nora Hillard (Mao Mao)
Maria Profit
]]></system-out>
  <system-err><![CDATA[]]></system-err>
</testsuite>
